current directory: /Users/omkarjoshi/Projects/ltb-blog/.bundle/ruby/3.2.0/gems/http_parser.rb-0.8.0/ext/ruby_http_parser
/Users/omkarjoshi/.rbenv/versions/3.2.1/bin/ruby -I /Users/omkarjoshi/.rbenv/versions/3.2.1/lib/ruby/3.2.0 extconf.rb
creating Makefile

current directory: /Users/omkarjoshi/Projects/ltb-blog/.bundle/ruby/3.2.0/gems/http_parser.rb-0.8.0/ext/ruby_http_parser
make DESTDIR\= sitearchdir\=./.gem.20250707-77053-igy6of sitelibdir\=./.gem.20250707-77053-igy6of clean

current directory: /Users/omkarjoshi/Projects/ltb-blog/.bundle/ruby/3.2.0/gems/http_parser.rb-0.8.0/ext/ruby_http_parser
make DESTDIR\= sitearchdir\=./.gem.20250707-77053-igy6of sitelibdir\=./.gem.20250707-77053-igy6of
compiling ruby_http_parser.c
ruby_http_parser.c:365:17: warning: comparison of integers of different signs: 'size_t' (aka 'unsigned long') and 'long' [-Wsign-compare]
  365 |     if (nparsed < len)
      |         ~~~~~~~ ^ ~~~
1 warning generated.
compiling ryah_http_parser.c
linking shared-object ruby_http_parser.bundle
ld: warning: -multiply_defined is obsolete
ld: warning: ignoring duplicate libraries: '-lruby.3.2'

current directory: /Users/omkarjoshi/Projects/ltb-blog/.bundle/ruby/3.2.0/gems/http_parser.rb-0.8.0/ext/ruby_http_parser
make DESTDIR\= sitearchdir\=./.gem.20250707-77053-igy6of sitelibdir\=./.gem.20250707-77053-igy6of install
/usr/bin/install -c -m 0755 ruby_http_parser.bundle ./.gem.20250707-77053-igy6of

current directory: /Users/omkarjoshi/Projects/ltb-blog/.bundle/ruby/3.2.0/gems/http_parser.rb-0.8.0/ext/ruby_http_parser
make DESTDIR\= sitearchdir\=./.gem.20250707-77053-igy6of sitelibdir\=./.gem.20250707-77053-igy6of clean
