current directory: /Users/omkarjoshi/Projects/ltb-blog/.bundle/ruby/3.2.0/gems/json-2.12.2/ext/json/ext/parser
/Users/omkarjoshi/.rbenv/versions/3.2.1/bin/ruby -I /Users/omkarjoshi/.rbenv/versions/3.2.1/lib/ruby/3.2.0 extconf.rb
checking for rb_enc_interned_str() in ruby.h... yes
checking for rb_hash_new_capa() in ruby.h... yes
checking for rb_hash_bulk_insert() in ruby.h... yes
checking for strnlen() in string.h... yes
checking for whether -std=c99 is accepted as CFLAGS... yes
creating Makefile

current directory: /Users/omkarjoshi/Projects/ltb-blog/.bundle/ruby/3.2.0/gems/json-2.12.2/ext/json/ext/parser
make DESTDIR\= sitearchdir\=./.gem.20250707-77053-6dh192 sitelibdir\=./.gem.20250707-77053-6dh192 clean

current directory: /Users/omkarjoshi/Projects/ltb-blog/.bundle/ruby/3.2.0/gems/json-2.12.2/ext/json/ext/parser
make DESTDIR\= sitearchdir\=./.gem.20250707-77053-6dh192 sitelibdir\=./.gem.20250707-77053-6dh192
compiling parser.c
linking shared-object json/ext/parser.bundle
ld: warning: -multiply_defined is obsolete
ld: warning: ignoring duplicate libraries: '-lruby.3.2'

current directory: /Users/omkarjoshi/Projects/ltb-blog/.bundle/ruby/3.2.0/gems/json-2.12.2/ext/json/ext/parser
make DESTDIR\= sitearchdir\=./.gem.20250707-77053-6dh192 sitelibdir\=./.gem.20250707-77053-6dh192 install
/usr/bin/install -c -m 0755 parser.bundle ./.gem.20250707-77053-6dh192/json/ext

current directory: /Users/omkarjoshi/Projects/ltb-blog/.bundle/ruby/3.2.0/gems/json-2.12.2/ext/json/ext/parser
make DESTDIR\= sitearchdir\=./.gem.20250707-77053-6dh192 sitelibdir\=./.gem.20250707-77053-6dh192 clean
